<?xml version="1.0" encoding="UTF-8"?>
<!-- Generated by org.testng.reporters.JUnitXMLReporter -->
<testsuite ignored="2" hostname="DESKTOP-S8T5TUM" failures="0" tests="7" name="Test" time="99.326" errors="0" timestamp="2021-09-05T21:00:12 IST">
  <testcase classname="com.GHH.testcases.LoginPageTest" name="Verify_loginPage_Title" time="0.845"/>
  <testcase classname="com.GHH.testcases.LoginPageTest" name="LoginTest_With_invalid_Credentials" time="1.966"/>
  <testcase classname="com.GHH.testcases.LoginPageTest" name="LoginTest_With_Valid_Crdenetials" time="30.231"/>
  <testcase classname="com.GHH.testcases.HomePageTest" name="Go_TO_Appointments_Screen" time="0.568"/>
  <testcase classname="com.GHH.testcases.AppointmentPageTest" name="Go_TO_Schedule_Appointments_Screen" time="0.003"/>
  <testcase classname="com.GHH.testcases.AppointmentPageTest" name="AddSchdeule_Appointment_and_Verify" time="11.928"/>
  <testcase classname="com.GHH.testcases.AppointmentPageTest" name="AddSchdeule_Appointment_and_Verify" time="44.338"/>
  <testcase classname="com.GHH.base.baseClass" name="@BeforeTest initialization" time="0.0">
    <ignored/>
  </testcase> <!-- @BeforeTest initialization -->
  <testcase classname="com.GHH.base.baseClass" name="@BeforeTest initialization" time="0.0">
    <ignored/>
  </testcase> <!-- @BeforeTest initialization -->
</testsuite> <!-- Test -->
