<?xml version="1.0" encoding="UTF-8"?>
<!-- Generated by org.testng.reporters.JUnitXMLReporter -->
<testsuite ignored="1" hostname="DESKTOP-S8T5TUM" failures="0" tests="4" name="Test" time="24.74" errors="0" timestamp="2021-09-05T03:20:30 IST">
  <testcase classname="com.GHH.testcases.LoginPageTest" name="Verify_loginPage_Title" time="0.822"/>
  <testcase classname="com.GHH.testcases.LoginPageTest" name="LoginTest_With_invalid_Credentials" time="1.847"/>
  <testcase classname="com.GHH.testcases.LoginPageTest" name="LoginTest_With_Valid_Crdenetials" time="13.086"/>
  <testcase classname="com.GHH.testcases.HomePageTest" name="Go_TO_Appointments_Screen" time="0.663"/>
  <testcase classname="com.GHH.base.baseClass" name="@BeforeTest initialization" time="0.0">
    <ignored/>
  </testcase> <!-- @BeforeTest initialization -->
</testsuite> <!-- Test -->
