<?xml version="1.0" encoding="UTF-8"?>
<testng-results ignored="2" total="9" passed="7" failed="0" skipped="0">
  <reporter-output>
    <line>
      <![CDATA[Method name is - Verify_loginPage_Title]]>
    </line>
    <line>
      <![CDATA[Method name is - LoginTest_With_invalid_Credentials]]>
    </line>
    <line>
      <![CDATA[Method name is - LoginTest_With_Valid_Crdenetials]]>
    </line>
    <line>
      <![CDATA[Method name is - Go_TO_Appointments_Screen]]>
    </line>
    <line>
      <![CDATA[Method name is - Go_TO_Schedule_Appointments_Screen]]>
    </line>
    <line>
      <![CDATA[Method name is - AddSchdeule_Appointment_and_Verify]]>
    </line>
    <line>
      <![CDATA[Method name is - AddSchdeule_Appointment_and_Verify]]>
    </line>
  </reporter-output>
  <suite started-at="2021-09-05T20:58:31 IST" name="Suite" finished-at="2021-09-05T21:00:10 IST" duration-ms="99326">
    <groups>
    </groups>
    <test started-at="2021-09-05T20:58:31 IST" name="Test" finished-at="2021-09-05T21:00:10 IST" duration-ms="99326">
      <class name="com.GHH.testcases.LoginPageTest">
        <test-method is-config="true" signature="initialization()[pri:0, instance:com.GHH.testcases.LoginPageTest@140c9f39]" started-at="2021-09-05T20:58:31 IST" name="initialization" finished-at="2021-09-05T20:58:39 IST" duration-ms="8547" status="PASS">
          <reporter-output>
          </reporter-output>
        </test-method> <!-- initialization -->
        <test-method is-config="true" signature="setUp()[pri:0, instance:com.GHH.testcases.LoginPageTest@140c9f39]" started-at="2021-09-05T20:58:39 IST" name="setUp" finished-at="2021-09-05T20:58:40 IST" duration-ms="205" status="PASS">
          <reporter-output>
          </reporter-output>
        </test-method> <!-- setUp -->
        <test-method signature="Verify_loginPage_Title()[pri:1, instance:com.GHH.testcases.LoginPageTest@140c9f39]" started-at="2021-09-05T20:58:40 IST" name="Verify_loginPage_Title" finished-at="2021-09-05T20:58:40 IST" duration-ms="845" status="PASS">
          <reporter-output>
            <line>
              <![CDATA[Method name is - Verify_loginPage_Title]]>
            </line>
          </reporter-output>
        </test-method> <!-- Verify_loginPage_Title -->
        <test-method is-config="true" signature="setUp()[pri:0, instance:com.GHH.testcases.LoginPageTest@140c9f39]" started-at="2021-09-05T20:58:41 IST" name="setUp" finished-at="2021-09-05T20:58:41 IST" duration-ms="4" status="PASS">
          <reporter-output>
          </reporter-output>
        </test-method> <!-- setUp -->
        <test-method signature="LoginTest_With_invalid_Credentials(java.lang.String, java.lang.String)[pri:2, instance:com.GHH.testcases.LoginPageTest@140c9f39]" started-at="2021-09-05T20:58:41 IST" name="LoginTest_With_invalid_Credentials" data-provider="getLoginData" finished-at="2021-09-05T20:58:43 IST" duration-ms="1966" status="PASS">
          <params>
            <param index="0">
              <value>
                <![CDATA[test1234@yopmail.com]]>
              </value>
            </param>
            <param index="1">
              <value>
                <![CDATA[test]]>
              </value>
            </param>
          </params>
          <reporter-output>
            <line>
              <![CDATA[Method name is - LoginTest_With_invalid_Credentials]]>
            </line>
          </reporter-output>
        </test-method> <!-- LoginTest_With_invalid_Credentials -->
        <test-method is-config="true" signature="setUp()[pri:0, instance:com.GHH.testcases.LoginPageTest@140c9f39]" started-at="2021-09-05T20:58:43 IST" name="setUp" finished-at="2021-09-05T20:58:43 IST" duration-ms="2" status="PASS">
          <reporter-output>
          </reporter-output>
        </test-method> <!-- setUp -->
        <test-method signature="LoginTest_With_Valid_Crdenetials()[pri:3, instance:com.GHH.testcases.LoginPageTest@140c9f39]" started-at="2021-09-05T20:58:43 IST" name="LoginTest_With_Valid_Crdenetials" finished-at="2021-09-05T20:59:13 IST" duration-ms="30231" status="PASS">
          <reporter-output>
            <line>
              <![CDATA[Method name is - LoginTest_With_Valid_Crdenetials]]>
            </line>
          </reporter-output>
        </test-method> <!-- LoginTest_With_Valid_Crdenetials -->
        <test-method is-config="true" signature="tearDown()[pri:0, instance:com.GHH.testcases.LoginPageTest@140c9f39]" started-at="2021-09-05T21:00:10 IST" name="tearDown" finished-at="2021-09-05T21:00:10 IST" duration-ms="1" status="PASS">
          <reporter-output>
          </reporter-output>
        </test-method> <!-- tearDown -->
      </class> <!-- com.GHH.testcases.LoginPageTest -->
      <class name="com.GHH.testcases.AppointmentPageTest">
        <test-method is-config="true" signature="setUp()[pri:0, instance:com.GHH.testcases.AppointmentPageTest@26275bef]" started-at="2021-09-05T20:59:14 IST" name="setUp" finished-at="2021-09-05T20:59:14 IST" duration-ms="7" status="PASS">
          <reporter-output>
          </reporter-output>
        </test-method> <!-- setUp -->
        <test-method signature="Go_TO_Schedule_Appointments_Screen()[pri:1, instance:com.GHH.testcases.AppointmentPageTest@26275bef]" started-at="2021-09-05T20:59:14 IST" name="Go_TO_Schedule_Appointments_Screen" finished-at="2021-09-05T20:59:14 IST" duration-ms="3" status="PASS">
          <reporter-output>
            <line>
              <![CDATA[Method name is - Go_TO_Schedule_Appointments_Screen]]>
            </line>
          </reporter-output>
        </test-method> <!-- Go_TO_Schedule_Appointments_Screen -->
        <test-method is-config="true" signature="setUp()[pri:0, instance:com.GHH.testcases.AppointmentPageTest@26275bef]" started-at="2021-09-05T20:59:14 IST" name="setUp" finished-at="2021-09-05T20:59:14 IST" duration-ms="4" status="PASS">
          <reporter-output>
          </reporter-output>
        </test-method> <!-- setUp -->
        <test-method signature="AddSchdeule_Appointment_and_Verify(java.lang.String, java.lang.String, java.lang.String, java.lang.String, java.lang.String, java.lang.String, java.lang.Object, java.lang.String, java.lang.String, java.lang.String, java.lang.String, java.lang.String)[pri:2, instance:com.GHH.testcases.AppointmentPageTest@26275bef]" started-at="2021-09-05T20:59:14 IST" name="AddSchdeule_Appointment_and_Verify" data-provider="getAppointmentData" finished-at="2021-09-05T20:59:26 IST" duration-ms="11928" status="PASS">
          <params>
            <param index="0">
              <value>
                <![CDATA[September 9, 2021]]>
              </value>
            </param>
            <param index="1">
              <value>
                <![CDATA[September 9, 1992]]>
              </value>
            </param>
            <param index="2">
              <value>
                <![CDATA[11:00 am]]>
              </value>
            </param>
            <param index="3">
              <value>
                <![CDATA[Title 1]]>
              </value>
            </param>
            <param index="4">
              <value>
                <![CDATA[Contact1]]>
              </value>
            </param>
            <param index="5">
              <value>
                <![CDATA[Email1@yopmail.com]]>
              </value>
            </param>
            <param index="6">
              <value>
                <![CDATA[9.876543201E9]]>
              </value>
            </param>
            <param index="7">
              <value>
                <![CDATA[Asia/Kolkata]]>
              </value>
            </param>
            <param index="8">
              <value>
                <![CDATA[Delhi]]>
              </value>
            </param>
            <param index="9">
              <value>
                <![CDATA[Free]]>
              </value>
            </param>
            <param index="10">
              <value>
                <![CDATA[Invalid]]>
              </value>
            </param>
            <param index="11">
              <value>
                <![CDATA[Note1]]>
              </value>
            </param>
          </params>
          <reporter-output>
            <line>
              <![CDATA[Method name is - AddSchdeule_Appointment_and_Verify]]>
            </line>
          </reporter-output>
        </test-method> <!-- AddSchdeule_Appointment_and_Verify -->
        <test-method is-config="true" signature="setUp()[pri:0, instance:com.GHH.testcases.AppointmentPageTest@26275bef]" started-at="2021-09-05T20:59:26 IST" name="setUp" finished-at="2021-09-05T20:59:26 IST" duration-ms="3" status="PASS">
          <reporter-output>
          </reporter-output>
        </test-method> <!-- setUp -->
        <test-method signature="AddSchdeule_Appointment_and_Verify(java.lang.String, java.lang.String, java.lang.String, java.lang.String, java.lang.String, java.lang.String, java.lang.Object, java.lang.String, java.lang.String, java.lang.String, java.lang.String, java.lang.String)[pri:2, instance:com.GHH.testcases.AppointmentPageTest@26275bef]" started-at="2021-09-05T20:59:26 IST" name="AddSchdeule_Appointment_and_Verify" data-provider="getAppointmentData" finished-at="2021-09-05T21:00:10 IST" duration-ms="44338" status="PASS">
          <params>
            <param index="0">
              <value>
                <![CDATA[September 16, 2021]]>
              </value>
            </param>
            <param index="1">
              <value>
                <![CDATA[September 10, 1993]]>
              </value>
            </param>
            <param index="2">
              <value>
                <![CDATA[11:00 am]]>
              </value>
            </param>
            <param index="3">
              <value>
                <![CDATA[Title 2]]>
              </value>
            </param>
            <param index="4">
              <value>
                <![CDATA[Contact2]]>
              </value>
            </param>
            <param index="5">
              <value>
                <![CDATA[Email1@yopmail.com]]>
              </value>
            </param>
            <param index="6">
              <value>
                <![CDATA[9.876543201E9]]>
              </value>
            </param>
            <param index="7">
              <value>
                <![CDATA[Asia/Kolkata]]>
              </value>
            </param>
            <param index="8">
              <value>
                <![CDATA[Delhi]]>
              </value>
            </param>
            <param index="9">
              <value>
                <![CDATA[Busy]]>
              </value>
            </param>
            <param index="10">
              <value>
                <![CDATA[Invalid]]>
              </value>
            </param>
            <param index="11">
              <value>
                <![CDATA[Note2]]>
              </value>
            </param>
          </params>
          <reporter-output>
            <line>
              <![CDATA[Method name is - AddSchdeule_Appointment_and_Verify]]>
            </line>
          </reporter-output>
        </test-method> <!-- AddSchdeule_Appointment_and_Verify -->
      </class> <!-- com.GHH.testcases.AppointmentPageTest -->
      <class name="com.GHH.testcases.HomePageTest">
        <test-method is-config="true" signature="setUp()[pri:0, instance:com.GHH.testcases.HomePageTest@4d910fd6]" started-at="2021-09-05T20:59:13 IST" name="setUp" finished-at="2021-09-05T20:59:13 IST" duration-ms="9" status="PASS">
          <reporter-output>
          </reporter-output>
        </test-method> <!-- setUp -->
        <test-method signature="Go_TO_Appointments_Screen()[pri:1, instance:com.GHH.testcases.HomePageTest@4d910fd6]" started-at="2021-09-05T20:59:13 IST" name="Go_TO_Appointments_Screen" finished-at="2021-09-05T20:59:14 IST" duration-ms="568" status="PASS">
          <reporter-output>
            <line>
              <![CDATA[Method name is - Go_TO_Appointments_Screen]]>
            </line>
          </reporter-output>
        </test-method> <!-- Go_TO_Appointments_Screen -->
        <test-method is-config="true" signature="tearDown()[pri:0, instance:com.GHH.testcases.HomePageTest@4d910fd6]" started-at="2021-09-05T20:59:14 IST" name="tearDown" finished-at="2021-09-05T20:59:14 IST" duration-ms="0" status="PASS">
          <reporter-output>
          </reporter-output>
        </test-method> <!-- tearDown -->
      </class> <!-- com.GHH.testcases.HomePageTest -->
    </test> <!-- Test -->
  </suite> <!-- Suite -->
</testng-results>
